<?xml version="1.0" encoding="UTF-8"?>
<!-- Generated by org.testng.reporters.JUnitXMLReporter -->
<testsuite ignored="0" hostname="DESKTOP-B4SFM7J" failures="0" tests="4" name="Test" time="6.203" errors="0" timestamp="2025-06-17T22:20:08 IST">
  <testcase classname="ParallelWithDataProvider.parallel_Excution_DataProvider" name="tc_001" time="3.593"/>
  <testcase classname="ParallelWithDataProvider.parallel_Excution_DataProvider" name="tc_001" time="3.592"/>
  <testcase classname="ParallelWithDataProvider.parallel_Excution_DataProvider" name="tc_001" time="2.484"/>
  <testcase classname="ParallelWithDataProvider.parallel_Excution_DataProvider" name="tc_001" time="2.509"/>
</testsuite> <!-- Test -->
