<?xml version="1.0" encoding="UTF-8"?>
<testng-results ignored="0" total="1" passed="1" failed="0" skipped="0">
  <reporter-output>
  </reporter-output>
  <suite started-at="2025-03-08T21:57:15 IST" name="Default suite" finished-at="2025-03-08T21:57:31 IST" duration-ms="15765">
    <groups>
    </groups>
    <test started-at="2025-03-08T21:57:15 IST" name="Default test" finished-at="2025-03-08T21:57:31 IST" duration-ms="15765">
      <class name="reading_excel.ExcelReading">
        <test-method signature="tc01()[pri:0, instance:reading_excel.ExcelReading@3c41ed1d]" started-at="2025-03-08T21:57:15 IST" name="tc01" finished-at="2025-03-08T21:57:31 IST" duration-ms="15712" status="PASS">
          <reporter-output>
          </reporter-output>
        </test-method> <!-- tc01 -->
      </class> <!-- reading_excel.ExcelReading -->
    </test> <!-- Default test -->
  </suite> <!-- Default suite -->
</testng-results>
