<?xml version="1.0" encoding="UTF-8"?>
<testng-results ignored="0" total="1" passed="1" failed="0" skipped="0">
  <reporter-output>
  </reporter-output>
  <suite started-at="2025-06-17T22:53:40 IST" name="Default suite" finished-at="2025-06-17T22:53:52 IST" duration-ms="11895">
    <groups>
    </groups>
    <test started-at="2025-06-17T22:53:40 IST" name="Default test" finished-at="2025-06-17T22:53:52 IST" duration-ms="11895">
      <class name="FileUpload.UploadingFileWithoutSendKeys">
        <test-method signature="tc_001()[pri:0, instance:FileUpload.UploadingFileWithoutSendKeys@3c41ed1d]" started-at="2025-06-17T22:53:40 IST" name="tc_001" finished-at="2025-06-17T22:53:52 IST" duration-ms="11840" status="PASS">
          <reporter-output>
          </reporter-output>
        </test-method> <!-- tc_001 -->
      </class> <!-- FileUpload.UploadingFileWithoutSendKeys -->
    </test> <!-- Default test -->
  </suite> <!-- Default suite -->
</testng-results>
